# JRE version: Java(TM) SE Runtime Environment 18.9 (11.0.12+8) (build 11.0.12+8-LTS-237)
# Java VM: Java HotSpot(TM) 64-Bit Server VM 18.9 (11.0.12+8-LTS-237, mixed mode, tiered, compressed oops, g1 gc, windows-amd64)
Heap:
 garbage-first heap   total 262144K, used 48200K [0x0000000701400000, 0x0000000800000000)
  region size 1024K, 8 young (8192K), 1 survivors (1024K)
 Metaspace       used 38982K, capacity 40334K, committed 40680K, reserved 1085440K
  class space    used 5004K, capacity 5607K, committed 5708K, reserved 1048576K
GC Heap History (8 events):
Event: 0.735 GC heap before
{Heap before GC invocations=0 (full 0):
 garbage-first heap   total 262144K, used 14336K [0x0000000701400000, 0x0000000800000000)
  region size 1024K, 14 young (14336K), 0 survivors (0K)
 Metaspace       used 9105K, capacity 9377K, committed 9600K, reserved 1058816K
  class space    used 905K, capacity 1031K, committed 1152K, reserved 1048576K
}
Event: 0.740 GC heap after
{Heap after GC invocations=1 (full 0):
 garbage-first heap   total 262144K, used 2044K [0x0000000701400000, 0x0000000800000000)
  region size 1024K, 2 young (2048K), 2 survivors (2048K)
 Metaspace       used 9105K, capacity 9377K, committed 9600K, reserved 1058816K
  class space    used 905K, capacity 1031K, committed 1152K, reserved 1048576K
}
Event: 1.965 GC heap before
{Heap before GC invocations=1 (full 0):
 garbage-first heap   total 262144K, used 49148K [0x0000000701400000, 0x0000000800000000)
  region size 1024K, 39 young (39936K), 2 survivors (2048K)
 Metaspace       used 20626K, capacity 21209K, committed 21296K, reserved 1069056K
  class space    used 2414K, capacity 2662K, committed 2688K, reserved 1048576K
}
Event: 1.977 GC heap after
{Heap after GC invocations=2 (full 0):
 garbage-first heap   total 262144K, used 16033K [0x0000000701400000, 0x0000000800000000)
  region size 1024K, 8 young (8192K), 8 survivors (8192K)
 Metaspace       used 20626K, capacity 21209K, committed 21296K, reserved 1069056K
  class space    used 2414K, capacity 2662K, committed 2688K, reserved 1048576K
}
Event: 3.518 GC heap before
{Heap before GC invocations=3 (full 0):
 garbage-first heap   total 262144K, used 64161K [0x0000000701400000, 0x0000000800000000)
  region size 1024K, 46 young (47104K), 8 survivors (8192K)
 Metaspace       used 31868K, capacity 33181K, committed 33328K, reserved 1077248K
  class space    used 4153K, capacity 4721K, committed 4736K, reserved 1048576K
}
Event: 3.547 GC heap after
{Heap after GC invocations=4 (full 0):
 garbage-first heap   total 262144K, used 31118K [0x0000000701400000, 0x0000000800000000)
  region size 1024K, 5 young (5120K), 5 survivors (5120K)
 Metaspace       used 31868K, capacity 33181K, committed 33328K, reserved 1077248K
  class space    used 4153K, capacity 4721K, committed 4736K, reserved 1048576K
}
Event: 6.221 GC heap before
{Heap before GC invocations=4 (full 0):
 garbage-first heap   total 262144K, used 48526K [0x0000000701400000, 0x0000000800000000)
  region size 1024K, 11 young (11264K), 5 survivors (5120K)
 Metaspace       used 34293K, capacity 35648K, committed 35888K, reserved 1081344K
  class space    used 4425K, capacity 4985K, committed 4992K, reserved 1048576K
}
Event: 6.230 GC heap after
{Heap after GC invocations=5 (full 0):
 garbage-first heap   total 262144K, used 42056K [0x0000000701400000, 0x0000000800000000)
  region size 1024K, 1 young (1024K), 1 survivors (1024K)
 Metaspace       used 34293K, capacity 35648K, committed 35888K, reserved 1081344K
  class space    used 4425K, capacity 4985K, committed 4992K, reserved 1048576K
}

