# JRE version: Java(TM) SE Runtime Environment 18.9 (11.0.12+8) (build 11.0.12+8-LTS-237)
# Java VM: Java HotSpot(TM) 64-Bit Server VM 18.9 (11.0.12+8-LTS-237, mixed mode, tiered, compressed oops, g1 gc, windows-amd64)
Heap:
 garbage-first heap   total 315392K, used 101281K [0x0000000701400000, 0x0000000800000000)
  region size 1024K, 54 young (55296K), 8 survivors (8192K)
 Metaspace       used 52981K, capacity 54612K, committed 54956K, reserved 1097728K
  class space    used 6360K, capacity 7045K, committed 7168K, reserved 1048576K
GC Heap History (10 events):
Event: 1.848 GC heap before
{Heap before GC invocations=2 (full 0):
 garbage-first heap   total 262144K, used 35348K [0x0000000701400000, 0x0000000800000000)
  region size 1024K, 32 young (32768K), 1 survivors (1024K)
 Metaspace       used 17202K, capacity 17440K, committed 17664K, reserved 1064960K
  class space    used 1859K, capacity 1973K, committed 2048K, reserved 1048576K
}
Event: 1.852 GC heap after
{Heap after GC invocations=3 (full 0):
 garbage-first heap   total 262144K, used 5165K [0x0000000701400000, 0x0000000800000000)
  region size 1024K, 3 young (3072K), 3 survivors (3072K)
 Metaspace       used 17202K, capacity 17440K, committed 17664K, reserved 1064960K
  class space    used 1859K, capacity 1973K, committed 2048K, reserved 1048576K
}
Event: 3.664 GC heap before
{Heap before GC invocations=3 (full 0):
 garbage-first heap   total 262144K, used 44077K [0x0000000701400000, 0x0000000800000000)
  region size 1024K, 42 young (43008K), 3 survivors (3072K)
 Metaspace       used 20637K, capacity 21028K, committed 21248K, reserved 1069056K
  class space    used 2191K, capacity 2285K, committed 2304K, reserved 1048576K
}
Event: 3.673 GC heap after
{Heap after GC invocations=4 (full 0):
 garbage-first heap   total 262144K, used 8514K [0x0000000701400000, 0x0000000800000000)
  region size 1024K, 6 young (6144K), 6 survivors (6144K)
 Metaspace       used 20637K, capacity 21028K, committed 21248K, reserved 1069056K
  class space    used 2191K, capacity 2285K, committed 2304K, reserved 1048576K
}
Event: 8.229 GC heap before
{Heap before GC invocations=5 (full 0):
 garbage-first heap   total 262144K, used 142658K [0x0000000701400000, 0x0000000800000000)
  region size 1024K, 138 young (141312K), 6 survivors (6144K)
 Metaspace       used 34627K, capacity 35522K, committed 35628K, reserved 1081344K
  class space    used 3855K, capacity 4218K, committed 4224K, reserved 1048576K
}
Event: 8.251 GC heap after
{Heap after GC invocations=6 (full 0):
 garbage-first heap   total 262144K, used 18634K [0x0000000701400000, 0x0000000800000000)
  region size 1024K, 16 young (16384K), 16 survivors (16384K)
 Metaspace       used 34627K, capacity 35522K, committed 35628K, reserved 1081344K
  class space    used 3855K, capacity 4218K, committed 4224K, reserved 1048576K
}
Event: 41.048 GC heap before
{Heap before GC invocations=7 (full 0):
 garbage-first heap   total 262144K, used 193738K [0x0000000701400000, 0x0000000800000000)
  region size 1024K, 153 young (156672K), 16 survivors (16384K)
 Metaspace       used 52316K, capacity 53950K, committed 54060K, reserved 1095680K
  class space    used 6355K, capacity 7038K, committed 7040K, reserved 1048576K
}
Event: 41.082 GC heap after
{Heap after GC invocations=8 (full 0):
 garbage-first heap   total 315392K, used 54801K [0x0000000701400000, 0x0000000800000000)
  region size 1024K, 18 young (18432K), 18 survivors (18432K)
 Metaspace       used 52316K, capacity 53950K, committed 54060K, reserved 1095680K
  class space    used 6355K, capacity 7038K, committed 7040K, reserved 1048576K
}
Event: 75.048 GC heap before
{Heap before GC invocations=8 (full 0):
 garbage-first heap   total 315392K, used 224785K [0x0000000701400000, 0x0000000800000000)
  region size 1024K, 184 young (188416K), 18 survivors (18432K)
 Metaspace       used 52931K, capacity 54612K, committed 54956K, reserved 1097728K
  class space    used 6359K, capacity 7045K, committed 7168K, reserved 1048576K
}
Event: 75.073 GC heap after
{Heap after GC invocations=9 (full 0):
 garbage-first heap   total 315392K, used 55201K [0x0000000701400000, 0x0000000800000000)
  region size 1024K, 8 young (8192K), 8 survivors (8192K)
 Metaspace       used 52931K, capacity 54612K, committed 54956K, reserved 1097728K
  class space    used 6359K, capacity 7045K, committed 7168K, reserved 1048576K
}

