# JRE version: Java(TM) SE Runtime Environment 18.9 (11.0.12+8) (build 11.0.12+8-LTS-237)
# Java VM: Java HotSpot(TM) 64-Bit Server VM 18.9 (11.0.12+8-LTS-237, mixed mode, tiered, compressed oops, g1 gc, windows-amd64)
Heap:
 garbage-first heap   total 262144K, used 57484K [0x0000000701400000, 0x0000000800000000)
  region size 1024K, 21 young (21504K), 5 survivors (5120K)
 Metaspace       used 38946K, capacity 40315K, committed 40368K, reserved 1083392K
  class space    used 4982K, capacity 5580K, committed 5632K, reserved 1048576K
GC Heap History (6 events):
Event: 0.722 GC heap before
{Heap before GC invocations=0 (full 0):
 garbage-first heap   total 262144K, used 14336K [0x0000000701400000, 0x0000000800000000)
  region size 1024K, 14 young (14336K), 0 survivors (0K)
 Metaspace       used 9104K, capacity 9380K, committed 9600K, reserved 1058816K
  class space    used 905K, capacity 1032K, committed 1152K, reserved 1048576K
}
Event: 0.728 GC heap after
{Heap after GC invocations=1 (full 0):
 garbage-first heap   total 262144K, used 2045K [0x0000000701400000, 0x0000000800000000)
  region size 1024K, 2 young (2048K), 2 survivors (2048K)
 Metaspace       used 9104K, capacity 9380K, committed 9600K, reserved 1058816K
  class space    used 905K, capacity 1032K, committed 1152K, reserved 1048576K
}
Event: 2.065 GC heap before
{Heap before GC invocations=1 (full 0):
 garbage-first heap   total 262144K, used 49149K [0x0000000701400000, 0x0000000800000000)
  region size 1024K, 39 young (39936K), 2 survivors (2048K)
 Metaspace       used 20885K, capacity 21476K, committed 21552K, reserved 1069056K
  class space    used 2442K, capacity 2688K, committed 2688K, reserved 1048576K
}
Event: 2.077 GC heap after
{Heap after GC invocations=2 (full 0):
 garbage-first heap   total 262144K, used 16309K [0x0000000701400000, 0x0000000800000000)
  region size 1024K, 8 young (8192K), 8 survivors (8192K)
 Metaspace       used 20885K, capacity 21476K, committed 21552K, reserved 1069056K
  class space    used 2442K, capacity 2688K, committed 2688K, reserved 1048576K
}
Event: 3.881 GC heap before
{Heap before GC invocations=3 (full 0):
 garbage-first heap   total 262144K, used 68533K [0x0000000701400000, 0x0000000800000000)
  region size 1024K, 46 young (47104K), 8 survivors (8192K)
 Metaspace       used 31723K, capacity 32989K, committed 33072K, reserved 1077248K
  class space    used 4126K, capacity 4700K, committed 4736K, reserved 1048576K
}
Event: 3.905 GC heap after
{Heap after GC invocations=4 (full 0):
 garbage-first heap   total 262144K, used 34956K [0x0000000701400000, 0x0000000800000000)
  region size 1024K, 5 young (5120K), 5 survivors (5120K)
 Metaspace       used 31723K, capacity 32989K, committed 33072K, reserved 1077248K
  class space    used 4126K, capacity 4700K, committed 4736K, reserved 1048576K
}

