# JRE version: Java(TM) SE Runtime Environment 18.9 (11.0.12+8) (build 11.0.12+8-LTS-237)
# Java VM: Java HotSpot(TM) 64-Bit Server VM 18.9 (11.0.12+8-LTS-237, mixed mode, tiered, compressed oops, g1 gc, windows-amd64)
Heap:
 garbage-first heap   total 262144K, used 52224K [0x0000000701400000, 0x0000000800000000)
  region size 1024K, 12 young (12288K), 1 survivors (1024K)
 Metaspace       used 38884K, capacity 40314K, committed 40368K, reserved 1083392K
  class space    used 4983K, capacity 5578K, committed 5632K, reserved 1048576K
GC Heap History (8 events):
Event: 0.854 GC heap before
{Heap before GC invocations=0 (full 0):
 garbage-first heap   total 262144K, used 14336K [0x0000000701400000, 0x0000000800000000)
  region size 1024K, 14 young (14336K), 0 survivors (0K)
 Metaspace       used 9110K, capacity 9383K, committed 9600K, reserved 1058816K
  class space    used 906K, capacity 1032K, committed 1152K, reserved 1048576K
}
Event: 0.876 GC heap after
{Heap after GC invocations=1 (full 0):
 garbage-first heap   total 262144K, used 2058K [0x0000000701400000, 0x0000000800000000)
  region size 1024K, 2 young (2048K), 2 survivors (2048K)
 Metaspace       used 9110K, capacity 9383K, committed 9600K, reserved 1058816K
  class space    used 906K, capacity 1032K, committed 1152K, reserved 1048576K
}
Event: 2.487 GC heap before
{Heap before GC invocations=1 (full 0):
 garbage-first heap   total 262144K, used 47114K [0x0000000701400000, 0x0000000800000000)
  region size 1024K, 39 young (39936K), 2 survivors (2048K)
 Metaspace       used 20642K, capacity 21198K, committed 21296K, reserved 1069056K
  class space    used 2415K, capacity 2657K, committed 2688K, reserved 1048576K
}
Event: 2.500 GC heap after
{Heap after GC invocations=2 (full 0):
 garbage-first heap   total 262144K, used 13916K [0x0000000701400000, 0x0000000800000000)
  region size 1024K, 8 young (8192K), 8 survivors (8192K)
 Metaspace       used 20642K, capacity 21198K, committed 21296K, reserved 1069056K
  class space    used 2415K, capacity 2657K, committed 2688K, reserved 1048576K
}
Event: 4.311 GC heap before
{Heap before GC invocations=3 (full 0):
 garbage-first heap   total 262144K, used 66140K [0x0000000701400000, 0x0000000800000000)
  region size 1024K, 47 young (48128K), 8 survivors (8192K)
 Metaspace       used 31965K, capacity 33238K, committed 33328K, reserved 1077248K
  class space    used 4153K, capacity 4717K, committed 4736K, reserved 1048576K
}
Event: 4.342 GC heap after
{Heap after GC invocations=4 (full 0):
 garbage-first heap   total 262144K, used 31110K [0x0000000701400000, 0x0000000800000000)
  region size 1024K, 5 young (5120K), 5 survivors (5120K)
 Metaspace       used 31965K, capacity 33238K, committed 33328K, reserved 1077248K
  class space    used 4153K, capacity 4717K, committed 4736K, reserved 1048576K
}
Event: 9.780 GC heap before
{Heap before GC invocations=4 (full 0):
 garbage-first heap   total 262144K, used 48518K [0x0000000701400000, 0x0000000800000000)
  region size 1024K, 11 young (11264K), 5 survivors (5120K)
 Metaspace       used 34420K, capacity 35736K, committed 35920K, reserved 1081344K
  class space    used 4438K, capacity 5012K, committed 5120K, reserved 1048576K
}
Event: 9.789 GC heap after
{Heap after GC invocations=5 (full 0):
 garbage-first heap   total 262144K, used 41984K [0x0000000701400000, 0x0000000800000000)
  region size 1024K, 1 young (1024K), 1 survivors (1024K)
 Metaspace       used 34420K, capacity 35736K, committed 35920K, reserved 1081344K
  class space    used 4438K, capacity 5012K, committed 5120K, reserved 1048576K
}

