# JRE version: Java(TM) SE Runtime Environment 18.9 (11.0.12+8) (build 11.0.12+8-LTS-237)
# Java VM: Java HotSpot(TM) 64-Bit Server VM 18.9 (11.0.12+8-LTS-237, mixed mode, tiered, compressed oops, g1 gc, windows-amd64)
Heap:
 garbage-first heap   total 315392K, used 237154K [0x0000000701400000, 0x0000000800000000)
  region size 1024K, 177 young (181248K), 2 survivors (2048K)
 Metaspace       used 53538K, capacity 55217K, committed 55468K, reserved 1097728K
  class space    used 6381K, capacity 7055K, committed 7168K, reserved 1048576K
GC Heap History (10 events):
Event: 2261.218 GC heap before
{Heap before GC invocations=75 (full 0):
 garbage-first heap   total 315392K, used 245319K [0x0000000701400000, 0x0000000800000000)
  region size 1024K, 184 young (188416K), 2 survivors (2048K)
 Metaspace       used 53535K, capacity 55217K, committed 55468K, reserved 1097728K
  class space    used 6381K, capacity 7055K, committed 7168K, reserved 1048576K
}
Event: 2261.220 GC heap after
{Heap after GC invocations=76 (full 0):
 garbage-first heap   total 315392K, used 59218K [0x0000000701400000, 0x0000000800000000)
  region size 1024K, 2 young (2048K), 2 survivors (2048K)
 Metaspace       used 53535K, capacity 55217K, committed 55468K, reserved 1097728K
  class space    used 6381K, capacity 7055K, committed 7168K, reserved 1048576K
}
Event: 2288.217 GC heap before
{Heap before GC invocations=76 (full 0):
 garbage-first heap   total 315392K, used 245586K [0x0000000701400000, 0x0000000800000000)
  region size 1024K, 184 young (188416K), 2 survivors (2048K)
 Metaspace       used 53537K, capacity 55217K, committed 55468K, reserved 1097728K
  class space    used 6381K, capacity 7055K, committed 7168K, reserved 1048576K
}
Event: 2288.219 GC heap after
{Heap after GC invocations=77 (full 0):
 garbage-first heap   total 315392K, used 59264K [0x0000000701400000, 0x0000000800000000)
  region size 1024K, 2 young (2048K), 2 survivors (2048K)
 Metaspace       used 53537K, capacity 55217K, committed 55468K, reserved 1097728K
  class space    used 6381K, capacity 7055K, committed 7168K, reserved 1048576K
}
Event: 2315.214 GC heap before
{Heap before GC invocations=77 (full 0):
 garbage-first heap   total 315392K, used 245632K [0x0000000701400000, 0x0000000800000000)
  region size 1024K, 184 young (188416K), 2 survivors (2048K)
 Metaspace       used 53538K, capacity 55217K, committed 55468K, reserved 1097728K
  class space    used 6381K, capacity 7055K, committed 7168K, reserved 1048576K
}
Event: 2315.216 GC heap after
{Heap after GC invocations=78 (full 0):
 garbage-first heap   total 315392K, used 58866K [0x0000000701400000, 0x0000000800000000)
  region size 1024K, 2 young (2048K), 2 survivors (2048K)
 Metaspace       used 53538K, capacity 55217K, committed 55468K, reserved 1097728K
  class space    used 6381K, capacity 7055K, committed 7168K, reserved 1048576K
}
Event: 2341.233 GC heap before
{Heap before GC invocations=78 (full 0):
 garbage-first heap   total 315392K, used 245234K [0x0000000701400000, 0x0000000800000000)
  region size 1024K, 184 young (188416K), 2 survivors (2048K)
 Metaspace       used 53538K, capacity 55217K, committed 55468K, reserved 1097728K
  class space    used 6381K, capacity 7055K, committed 7168K, reserved 1048576K
}
Event: 2341.235 GC heap after
{Heap after GC invocations=79 (full 0):
 garbage-first heap   total 315392K, used 58837K [0x0000000701400000, 0x0000000800000000)
  region size 1024K, 2 young (2048K), 2 survivors (2048K)
 Metaspace       used 53538K, capacity 55217K, committed 55468K, reserved 1097728K
  class space    used 6381K, capacity 7055K, committed 7168K, reserved 1048576K
}
Event: 2368.226 GC heap before
{Heap before GC invocations=79 (full 0):
 garbage-first heap   total 315392K, used 245205K [0x0000000701400000, 0x0000000800000000)
  region size 1024K, 184 young (188416K), 2 survivors (2048K)
 Metaspace       used 53538K, capacity 55217K, committed 55468K, reserved 1097728K
  class space    used 6381K, capacity 7055K, committed 7168K, reserved 1048576K
}
Event: 2368.228 GC heap after
{Heap after GC invocations=80 (full 0):
 garbage-first heap   total 315392K, used 58978K [0x0000000701400000, 0x0000000800000000)
  region size 1024K, 2 young (2048K), 2 survivors (2048K)
 Metaspace       used 53538K, capacity 55217K, committed 55468K, reserved 1097728K
  class space    used 6381K, capacity 7055K, committed 7168K, reserved 1048576K
}

